<?xml version="1.0" encoding="UTF-8"?>
<robot generator="Robot 4.0.1 (Python 3.9.4 on win32)" generated="20210428 15:00:01.520" rpa="false" schemaversion="2">
<suite id="s1" name="Release" source="C:\Users\Julio Santos\TesteRobot\release.robot">
<test id="s1-t1" name="Ver meu saldo">
<kw name="Open Application" library="AppiumLibrary">
<arg>http://localhost:4723/wd/hub</arg>
<arg>automationName=UiAutomator2</arg>
<arg>platformName=Android</arg>
<arg>deviceName=Teste</arg>
<arg>app=C:\\Users\\Julio Santos\\TesteRobot\\app\\app-release.apk</arg>
<doc>Opens a new application to given Appium server.
Capabilities of appium server, Android and iOS,
Please check https://github.com/appium/appium/blob/master/docs/en/writing-running-appium/server-args.md
| *Option*            | *Man.* | *Description*     |
| remote_url          | Yes    | Appium server url |
| alias               | no     | alias             |</doc>
<status status="PASS" starttime="20210428 15:00:01.805" endtime="20210428 15:00:18.336"/>
</kw>
<kw name="Wait Until Element Is Visible" library="AppiumLibrary">
<arg>class=android.widget.TextView</arg>
<arg>10</arg>
<doc>Waits until element specified with `locator` is visible.</doc>
<status status="PASS" starttime="20210428 15:00:18.337" endtime="20210428 15:00:28.278"/>
</kw>
<kw name="Click Element" library="AppiumLibrary">
<arg>class=android.widget.TextView</arg>
<doc>Click element identified by `locator`.</doc>
<msg timestamp="20210428 15:00:28.281" level="INFO">Clicking element 'class=android.widget.TextView'.</msg>
<status status="PASS" starttime="20210428 15:00:28.279" endtime="20210428 15:00:28.407"/>
</kw>
<kw name="Click Text" library="AppiumLibrary">
<arg>text=COMEÇAR</arg>
<doc>Click text identified by ``text``.</doc>
<status status="PASS" starttime="20210428 15:00:28.408" endtime="20210428 15:00:28.808"/>
</kw>
<kw name="Wait Until Element Is Visible" library="AppiumLibrary">
<arg>xpath=//android.widget.TextView[@content-desc="welcome-login-button"]</arg>
<arg>10</arg>
<doc>Waits until element specified with `locator` is visible.</doc>
<status status="PASS" starttime="20210428 15:00:28.809" endtime="20210428 15:00:30.624"/>
</kw>
<kw name="Click Element" library="AppiumLibrary">
<arg>xpath=//android.widget.TextView[@content-desc="welcome-login-button"]</arg>
<doc>Click element identified by `locator`.</doc>
<msg timestamp="20210428 15:00:30.627" level="INFO">Clicking element 'xpath=//android.widget.TextView[@content-desc="welcome-login-button"]'.</msg>
<status status="PASS" starttime="20210428 15:00:30.624" endtime="20210428 15:00:30.749"/>
</kw>
<kw name="Wait Until Element Is Visible" library="AppiumLibrary">
<arg>accessibility_id=login-cpf-input</arg>
<arg>20</arg>
<doc>Waits until element specified with `locator` is visible.</doc>
<status status="PASS" starttime="20210428 15:00:30.750" endtime="20210428 15:00:32.989"/>
</kw>
<kw name="Input Value" library="AppiumLibrary">
<arg>accessibility_id=login-cpf-input</arg>
<arg>26017798456</arg>
<doc>Sets the given value into text field identified by `locator`. This is an IOS only keyword, input value makes use of set_value</doc>
<msg timestamp="20210428 15:00:32.991" level="INFO">Setting text '26017798456' into text field 'accessibility_id=login-cpf-input'</msg>
<status status="PASS" starttime="20210428 15:00:32.989" endtime="20210428 15:00:33.730"/>
</kw>
<kw name="Wait Until Element Is Visible" library="AppiumLibrary">
<arg>accessibility_id=login-password-input</arg>
<arg>20</arg>
<doc>Waits until element specified with `locator` is visible.</doc>
<status status="PASS" starttime="20210428 15:00:33.732" endtime="20210428 15:00:34.519"/>
</kw>
<kw name="Input Value" library="AppiumLibrary">
<arg>accessibility_id=login-password-input</arg>
<arg>Airf0xxx</arg>
<doc>Sets the given value into text field identified by `locator`. This is an IOS only keyword, input value makes use of set_value</doc>
<msg timestamp="20210428 15:00:34.524" level="INFO">Setting text 'Airf0xxx' into text field 'accessibility_id=login-password-input'</msg>
<status status="PASS" starttime="20210428 15:00:34.521" endtime="20210428 15:00:35.133"/>
</kw>
<kw name="Click Element" library="AppiumLibrary">
<arg>xpath=//android.view.ViewGroup[@content-desc="login-confirm-button"]</arg>
<doc>Click element identified by `locator`.</doc>
<msg timestamp="20210428 15:00:35.140" level="INFO">Clicking element 'xpath=//android.view.ViewGroup[@content-desc="login-confirm-button"]'.</msg>
<status status="PASS" starttime="20210428 15:00:35.134" endtime="20210428 15:00:36.032"/>
</kw>
<kw name="Wait Until Element Is Visible" library="AppiumLibrary">
<arg>accessibility_id=two-factor-auth-unverified-device-button-verify-device</arg>
<arg>20</arg>
<doc>Waits until element specified with `locator` is visible.</doc>
<status status="PASS" starttime="20210428 15:00:36.032" endtime="20210428 15:00:50.147"/>
</kw>
<kw name="Click Element" library="AppiumLibrary">
<arg>accessibility_id=two-factor-auth-unverified-device-button-verify-device</arg>
<doc>Click element identified by `locator`.</doc>
<msg timestamp="20210428 15:00:50.152" level="INFO">Clicking element 'accessibility_id=two-factor-auth-unverified-device-button-verify-device'.</msg>
<status status="PASS" starttime="20210428 15:00:50.149" endtime="20210428 15:00:50.295"/>
</kw>
<kw name="Wait Until Element Is Visible" library="AppiumLibrary">
<arg>xpath=//android.view.ViewGroup[@content-desc="two-factor-auth-send-to-email"]/android.widget.TextView</arg>
<arg>15</arg>
<doc>Waits until element specified with `locator` is visible.</doc>
<status status="PASS" starttime="20210428 15:00:50.296" endtime="20210428 15:00:52.286"/>
</kw>
<kw name="Click Element" library="AppiumLibrary">
<arg>xpath=//android.view.ViewGroup[@content-desc="two-factor-auth-send-to-email"]/android.widget.TextView</arg>
<doc>Click element identified by `locator`.</doc>
<msg timestamp="20210428 15:00:52.288" level="INFO">Clicking element 'xpath=//android.view.ViewGroup[@content-desc="two-factor-auth-send-to-email"]/android.widget.TextView'.</msg>
<status status="PASS" starttime="20210428 15:00:52.286" endtime="20210428 15:00:52.432"/>
</kw>
<status status="PASS" starttime="20210428 15:00:01.805" endtime="20210428 15:00:52.433"/>
</test>
<status status="PASS" starttime="20210428 15:00:01.530" endtime="20210428 15:00:52.440"/>
</suite>
<statistics>
<total>
<stat pass="1" fail="0" skip="0">All Tests</stat>
</total>
<tag>
</tag>
<suite>
<stat pass="1" fail="0" skip="0" id="s1" name="Release">Release</stat>
</suite>
</statistics>
<errors>
</errors>
</robot>
