<?xml version="1.0" encoding="UTF-8"?>
<robot generator="Robot 4.0.1 (Python 3.9.4 on win32)" generated="20210429 00:38:51.173" rpa="false" schemaversion="2">
<suite id="s1" name="Release" source="C:\Users\Julio Santos\TesteRobot\release.robot">
<test id="s1-t1" name="Testes de Renegociação">
<kw name="Open Application" library="AppiumLibrary">
<arg>http://localhost:4723/wd/hub</arg>
<arg>automationName=UiAutomator2</arg>
<arg>platformName=Android</arg>
<arg>deviceName=Teste</arg>
<arg>app=C:\\Users\\Julio Santos\\TesteRobot\\app\\app-release.apk</arg>
<doc>Opens a new application to given Appium server.
Capabilities of appium server, Android and iOS,
Please check https://github.com/appium/appium/blob/master/docs/en/writing-running-appium/server-args.md
| *Option*            | *Man.* | *Description*     |
| remote_url          | Yes    | Appium server url |
| alias               | no     | alias             |</doc>
<kw name="Capture Page Screenshot" library="AppiumLibrary">
<doc>Takes a screenshot of the current page and embeds it into the log.</doc>
<msg timestamp="20210429 00:39:24.046" level="FAIL">No application is open</msg>
<status status="FAIL" starttime="20210429 00:39:24.040" endtime="20210429 00:39:24.046"/>
</kw>
<msg timestamp="20210429 00:39:24.048" level="WARN">Keyword 'Capture Page Screenshot' could not be run on failure: No application is open</msg>
<msg timestamp="20210429 00:39:24.053" level="FAIL">WebDriverException: Message: An unknown server-side error occurred while processing the command. Original error: Cannot start the 'com.mgensuite.airfox.recharge' application. Visit https://github.com/appium/appium/blob/master/docs/en/writing-running-appium/android/activity-startup.md for troubleshooting. Original error: 'com.mgensuite.airfox.recharge.MainActivity' or 'com.mgensuite.airfox.recharge.com.mgensuite.airfox.recharge.MainActivity' never started. Visit https://github.com/appium/appium/blob/master/docs/en/writing-running-appium/android/activity-startup.md for troubleshooting
</msg>
<status status="FAIL" starttime="20210429 00:38:51.452" endtime="20210429 00:39:24.054"/>
</kw>
<kw name="Wait Until Element Is Visible" library="AppiumLibrary">
<arg>class=android.widget.TextView</arg>
<arg>20</arg>
<doc>Waits until element specified with `locator` is visible.</doc>
<status status="NOT RUN" starttime="20210429 00:39:24.054" endtime="20210429 00:39:24.054"/>
</kw>
<kw name="Click Element" library="AppiumLibrary">
<arg>class=android.widget.TextView</arg>
<doc>Click element identified by `locator`.</doc>
<status status="NOT RUN" starttime="20210429 00:39:24.055" endtime="20210429 00:39:24.055"/>
</kw>
<kw name="Click Text" library="AppiumLibrary">
<arg>text=COMEÇAR</arg>
<doc>Click text identified by ``text``.</doc>
<status status="NOT RUN" starttime="20210429 00:39:24.055" endtime="20210429 00:39:24.055"/>
</kw>
<kw name="Wait Until Element Is Visible" library="AppiumLibrary">
<arg>xpath=//android.widget.TextView[@content-desc="welcome-login-button"]</arg>
<arg>20</arg>
<doc>Waits until element specified with `locator` is visible.</doc>
<status status="NOT RUN" starttime="20210429 00:39:24.056" endtime="20210429 00:39:24.056"/>
</kw>
<kw name="Click Element" library="AppiumLibrary">
<arg>xpath=//android.widget.TextView[@content-desc="welcome-login-button"]</arg>
<doc>Click element identified by `locator`.</doc>
<status status="NOT RUN" starttime="20210429 00:39:24.058" endtime="20210429 00:39:24.058"/>
</kw>
<kw name="Wait Until Element Is Visible" library="AppiumLibrary">
<arg>accessibility_id=login-cpf-input</arg>
<arg>20</arg>
<doc>Waits until element specified with `locator` is visible.</doc>
<status status="NOT RUN" starttime="20210429 00:39:24.059" endtime="20210429 00:39:24.059"/>
</kw>
<kw name="Input Value" library="AppiumLibrary">
<arg>accessibility_id=login-cpf-input</arg>
<arg>26017798456</arg>
<doc>Sets the given value into text field identified by `locator`. This is an IOS only keyword, input value makes use of set_value</doc>
<status status="NOT RUN" starttime="20210429 00:39:24.059" endtime="20210429 00:39:24.059"/>
</kw>
<kw name="Wait Until Element Is Visible" library="AppiumLibrary">
<arg>accessibility_id=login-password-input</arg>
<arg>20</arg>
<doc>Waits until element specified with `locator` is visible.</doc>
<status status="NOT RUN" starttime="20210429 00:39:24.060" endtime="20210429 00:39:24.060"/>
</kw>
<kw name="Input Value" library="AppiumLibrary">
<arg>accessibility_id=login-password-input</arg>
<arg>Airf0xxx</arg>
<doc>Sets the given value into text field identified by `locator`. This is an IOS only keyword, input value makes use of set_value</doc>
<status status="NOT RUN" starttime="20210429 00:39:24.060" endtime="20210429 00:39:24.060"/>
</kw>
<kw name="Click Element" library="AppiumLibrary">
<arg>xpath=//android.view.ViewGroup[@content-desc="login-confirm-button"]</arg>
<doc>Click element identified by `locator`.</doc>
<status status="NOT RUN" starttime="20210429 00:39:24.060" endtime="20210429 00:39:24.060"/>
</kw>
<kw name="Element Text Should Be" library="AppiumLibrary">
<arg>accessibility_id=pin-code-input</arg>
<arg>5</arg>
<doc>Verifies element identified by ``locator`` exactly contains text ``expected``.</doc>
<status status="NOT RUN" starttime="20210429 00:39:24.061" endtime="20210429 00:39:24.061"/>
</kw>
<kw name="Close Application" library="AppiumLibrary">
<doc>Closes the current application and also close webdriver session.</doc>
<status status="NOT RUN" starttime="20210429 00:39:24.061" endtime="20210429 00:39:24.061"/>
</kw>
<status status="FAIL" starttime="20210429 00:38:51.452" endtime="20210429 00:39:24.061">WebDriverException: Message: An unknown server-side error occurred while processing the command. Original error: Cannot start the 'com.mgensuite.airfox.recharge' application. Visit https://github.com/appium/appium/blob/master/docs/en/writing-running-appium/android/activity-startup.md for troubleshooting. Original error: 'com.mgensuite.airfox.recharge.MainActivity' or 'com.mgensuite.airfox.recharge.com.mgensuite.airfox.recharge.MainActivity' never started. Visit https://github.com/appium/appium/blob/master/docs/en/writing-running-appium/android/activity-startup.md for troubleshooting
</status>
</test>
<status status="FAIL" starttime="20210429 00:38:51.176" endtime="20210429 00:39:24.062"/>
</suite>
<statistics>
<total>
<stat pass="0" fail="1" skip="0">All Tests</stat>
</total>
<tag>
</tag>
<suite>
<stat pass="0" fail="1" skip="0" id="s1" name="Release">Release</stat>
</suite>
</statistics>
<errors>
<msg timestamp="20210429 00:39:24.048" level="WARN">Keyword 'Capture Page Screenshot' could not be run on failure: No application is open</msg>
</errors>
</robot>
